<?xml version="1.0" encoding="UTF-8"?>
<testsuite xmlns:xsi="http://www.w3.org/2001/XMLSchema-instance" xsi:noNamespaceSchemaLocation="https://maven.apache.org/surefire/maven-surefire-plugin/xsd/surefire-test-report.xsd" name="pl.jstk.repository.BookRepositoryTest" time="5.689" tests="2" errors="0" skipped="0" failures="0">
  <properties>
[...]
</properties>
  <testcase name="testShouldFindBookById" classname="pl.jstk.repository.BookRepositoryTest" time="0.25"/>
  <testcase name="testShouldFindBooksByTitle" classname="pl.jstk.repository.BookRepositoryTest" time="0.031"/>
</testsuite>